1523294368595	geckodriver	INFO	geckodriver 0.19.1 (0000000000000000000000000000000000000000 2017-10-31)
1523294368602	geckodriver	INFO	Listening on 127.0.0.1:50240
1523294371674	mozrunner::runner	INFO	Running command: "C:\\Program Files (x86)\\Mozilla Firefox\\firefox.exe" "-marionette" "-profile" "C:\\Users\\ARNELS~1\\AppData\\Local\\Temp\\rust_mozprofile.JA5LWPzOzLs9"
1523294372520	Marionette	INFO	Enabled via --marionette
1523294373879	Marionette	INFO	Listening on port 50248
1523294374825	Marionette	WARN	TLS certificate errors will be ignored for this session
[Child 8164, Chrome_ChildThread] WARNING: pipe error: 109: file z:/build/build/src/ipc/chromium/src/chrome/common/ipc_channel_win.cc, line 346
[Child 8164, Chrome_Chi[Child 10160, Chrome_ChildThread] WARNING: pipe error: 109: file z:/build/build/src/ipc/chromium/src/chrome/common/ipc_channel_win.cc, line 346
[Child 10160, Chro
###!!! [Child][MessageChannel::SendAndWait] Error: Channel error: cannot send/recv

arionette
1523295767371	Marionette	INFO	Listening on port 52082
1523295767501	Marionette	WARN	TLS certificate errors will be ignored for this session
[Child 8136, Chrome_ChildThread] WARNING: pipe error: 109: file z:/build/build/src/ipc/chromium/src/chrome/common/ipc_channel_win.cc, line 346[
Child 5492, Chrome_ChildThread] WARNING: [pipe error: 109: file z:/build/build/src/ipc/chromium/src/chrome/common/ipc_channel_win.cc, line 346
[Child 5492, Chrome_ChildThread] WARNING: pipe error: 109: file z:/build/build/src/ipc/chromium/src/chrome/common/ipc_channel_wi[Child 16500, Chrome_ChildThread] WARNING: pipe error: 109: file z:/build/build/src/ipc/chromium/src/chrome/common/ipc_channel_win.cc, line 346
[Child 16500, Chrome_Ch*** UTM:SVC TimerManager:registerTimer called after profile-before-change notification. Ignoring timer registration for id: telemetry_modules_ping
[GPU 16368, Chrome_ChildThread]
###!!! [Child][MessageChannel::SendAndWait] Error: Channel error: cannot send/recv

1523295771757	geckodriver	INFO	geckodriver 0.19.1 (0000000000000000000000000000000000000000 2017-10-31)
1523295771763	geckodriver	INFO	Listening on 127.0.0.1:52123
1523295774814	mozrunner::runner	INFO	Running command: "C:\\Program Files (x86)\\Mozilla Firefox\\firefox.exe" "-marionette" "-profile" "C:\\Users\\ARNELS~1\\AppData\\Local\\Temp\\rust_mozprofile.bhGZXVa3PgVO"
1523295775430	Marionette	INFO	Enabled via --marionette
1523295776607	Marionette	INFO	Listening on port 52135
1523295776894	Marionette	WARN	TLS certificate errors will be ignored for this session
[Parent 6828, Gecko_IOThread] WARNING: pipe error: 109: file z:/build/build/src/ipc/chromium/src/chrome/common/ipc_channel_win.cc, line 346
[Child 6848, Chrome_ChildThread] WARNING: pipe error: 109: file z:/build/build/src/ipc/chromium/src/chrome/common/ipc_channel_win.cc, line 346
[Child 6848, Chrome_Ch[Child 4132, Chrome_ChildThread] WARNING: pipe error: 109: file z:/build/build/src/ipc/chromium/src/chrome/common/ipc_channel_win.cc, line 346
[Child 4132, Chrome_ChildThread] WARNING: pipe error: 109: file z:/build/build/src/ipc/chromium/src/chrome/common/i[GPU [Child 1212, Chrome_ChildThread] WARNING: pipe error: 109: file z:/build/build/src/ipc/chromium/src/chrome/common/ipc_channel_win.cc, line 346
[Child 1212, Chrome_C[Child 11856, Chrome_ChildThread] WARNING: pipe error: 109: file z:/build/build/src/ipc/chromium/src/chrome/common/ipc_channel_win.cc, line 346
[Child 11856, Chrome_ChildThread] WARNING: pipe error: 109: file z:/build/b[Child 13464, Chrome_ChildThread] WARNING: pipe error: 109: file z:/build/build/src/ipc/chromium/src/chrome/common/ipc_channel_win.cc, line 346
[Child 13464, Chrome_ChildThread] *** UTM:SVC TimerManager:registerTimer called after profile-before-change notification. Ignoring timer registration for id: telemetry_modules_ping
[GPU 15508, Chrome_ChildThread] W
###!!! [Child][MessageChannel::SendAndWait] Error: Channel error: cannot send/recv

1523296507342	geckodriver	INFO	geckodriver 0.19.1 (0000000000000000000000000000000000000000 2017-10-31)
1523296507348	geckodriver	INFO	Listening on 127.0.0.1:53280
1523296510434	mozrunner::runner	INFO	Running command: "C:\\Program Files (x86)\\Mozilla Firefox\\firefox.exe" "-marionette" "-profile" "C:\\Users\\ARNELS~1\\AppData\\Local\\Temp\\rust_mozprofile.JfSyu53OEFGS"
1523296511060	Marionette	INFO	Enabled via --marionette
1523296512216	Marionette	INFO	Listening on port 53292
1523296512479	Marionette	WARN	TLS certificate errors will be ignored for this session
[[ChilCd 1296hild 10, Chrome_C4hildThread] W924, ChromeA_ChildThreaRNING: pd] WARNING: piipe pe ererrror: 109or: 109: file z:: fil/build/e z:build/build/build/src/ipc/chromium/src/chrome//src/ipcommon/ic/chpc_cromhanneium/src/chrome/common/ipc_channel_win.cl_winc, li.cc,ne 346 
line 346
[Child 149[Child 12960, Chrome_ChildThread] WARNIN[Child 15720, Chrome_ChildThread] WARNING: pipe error: 109: file z:/build/build/src/ipc/chromium/src/chrome/common/ipc_channel_win.cc, line 346
[Child 15720, Chrome_Chil[GPU 9884, Chrome_ChildThread] WARNING: pipe error: 109: file z:/build/build/src/ipc/chromium/src/chrome/common/ipc_channel_win.cc, line 346

###!!! [Child][MessageChannel::SendAndWait] Error: Channel error: cannot send/recv

